# JRE version: OpenJDK Runtime Environment Corretto-21.0.5.11.1 (21.0.5+11) (build 21.0.5+11-LTS)
# Java VM: OpenJDK 64-Bit Server VM Corretto-21.0.5.11.1 (21.0.5+11-LTS, mixed mode, sharing, tiered, compressed oops, compressed class ptrs, g1 gc, windows-amd64)
GC Precious Log:
 CardTable entry size: 512
 Card Set container configuration: InlinePtr #cards 5 size 8 Array Of Cards #cards 12 size 40 Howl #buckets 4 coarsen threshold 1843 Howl Bitmap #cards 512 size 80 coarsen threshold 460 Card regions per heap region 1 cards per card region 2048
 CPUs: 8 total, 8 available
 Memory: 8046M
 Large Page Support: Disabled
 NUMA Support: Disabled
 Compressed Oops: Enabled (32-bit)
 Heap Region Size: 1M
 Heap Min Capacity: 256M
 Heap Initial Capacity: 256M
 Heap Max Capacity: 512M
 Pre-touch: Disabled
 Parallel Workers: 8
 Concurrent Workers: 2
 Concurrent Refinement Workers: 8
 Periodic GC: Disabled
Heap:
 garbage-first heap   total 263168K, used 229376K [0x00000000e0000000, 0x0000000100000000)
  region size 1024K, 124 young (126976K), 13 survivors (13312K)
 Metaspace       used 62298K, committed 64384K, reserved 393216K
  class space    used 8552K, committed 9600K, reserved 327680K
GC Heap History (20 events):
Event: 5.745 GC heap after
{Heap after GC invocations=3 (full 0):
 garbage-first heap   total 262144K, used 23284K [0x00000000e0000000, 0x0000000100000000)
  region size 1024K, 13 young (13312K), 13 survivors (13312K)
 Metaspace       used 20827K, committed 21504K, reserved 393216K
  class space    used 2984K, committed 3328K, reserved 327680K
}
Event: 7.819 GC heap before
{Heap before GC invocations=4 (full 0):
 garbage-first heap   total 262144K, used 110324K [0x00000000e0000000, 0x0000000100000000)
  region size 1024K, 100 young (102400K), 13 survivors (13312K)
 Metaspace       used 34924K, committed 36096K, reserved 393216K
  class space    used 4971K, committed 5568K, reserved 327680K
}
Event: 7.832 GC heap after
{Heap after GC invocations=5 (full 0):
 garbage-first heap   total 262144K, used 29890K [0x00000000e0000000, 0x0000000100000000)
  region size 1024K, 7 young (7168K), 7 survivors (7168K)
 Metaspace       used 34924K, committed 36096K, reserved 393216K
  class space    used 4971K, committed 5568K, reserved 327680K
}
Event: 11.084 GC heap before
{Heap before GC invocations=6 (full 0):
 garbage-first heap   total 262144K, used 185538K [0x00000000e0000000, 0x0000000100000000)
  region size 1024K, 153 young (156672K), 7 survivors (7168K)
 Metaspace       used 49320K, committed 51072K, reserved 393216K
  class space    used 7004K, committed 7872K, reserved 327680K
}
Event: 11.100 GC heap after
{Heap after GC invocations=7 (full 0):
 garbage-first heap   total 262144K, used 40232K [0x00000000e0000000, 0x0000000100000000)
  region size 1024K, 17 young (17408K), 17 survivors (17408K)
 Metaspace       used 49320K, committed 51072K, reserved 393216K
  class space    used 7004K, committed 7872K, reserved 327680K
}
Event: 15.300 GC heap before
{Heap before GC invocations=7 (full 0):
 garbage-first heap   total 262144K, used 178472K [0x00000000e0000000, 0x0000000100000000)
  region size 1024K, 153 young (156672K), 17 survivors (17408K)
 Metaspace       used 57573K, committed 59456K, reserved 393216K
  class space    used 8225K, committed 9152K, reserved 327680K
}
Event: 15.337 GC heap after
{Heap after GC invocations=8 (full 0):
 garbage-first heap   total 262144K, used 55550K [0x00000000e0000000, 0x0000000100000000)
  region size 1024K, 16 young (16384K), 16 survivors (16384K)
 Metaspace       used 57573K, committed 59456K, reserved 393216K
  class space    used 8225K, committed 9152K, reserved 327680K
}
Event: 16.484 GC heap before
{Heap before GC invocations=8 (full 0):
 garbage-first heap   total 262144K, used 96510K [0x00000000e0000000, 0x0000000100000000)
  region size 1024K, 57 young (58368K), 16 survivors (16384K)
 Metaspace       used 58349K, committed 60288K, reserved 393216K
  class space    used 8266K, committed 9216K, reserved 327680K
}
Event: 16.502 GC heap after
{Heap after GC invocations=9 (full 0):
 garbage-first heap   total 262144K, used 60101K [0x00000000e0000000, 0x0000000100000000)
  region size 1024K, 6 young (6144K), 6 survivors (6144K)
 Metaspace       used 58349K, committed 60288K, reserved 393216K
  class space    used 8266K, committed 9216K, reserved 327680K
}
Event: 19.296 GC heap before
{Heap before GC invocations=10 (full 0):
 garbage-first heap   total 262144K, used 209605K [0x00000000e0000000, 0x0000000100000000)
  region size 1024K, 153 young (156672K), 6 survivors (6144K)
 Metaspace       used 59867K, committed 61888K, reserved 393216K
  class space    used 8351K, committed 9344K, reserved 327680K
}
Event: 19.313 GC heap after
{Heap after GC invocations=11 (full 0):
 garbage-first heap   total 262144K, used 74726K [0x00000000e0000000, 0x0000000100000000)
  region size 1024K, 20 young (20480K), 20 survivors (20480K)
 Metaspace       used 59867K, committed 61888K, reserved 393216K
  class space    used 8351K, committed 9344K, reserved 327680K
}
Event: 21.210 GC heap before
{Heap before GC invocations=11 (full 0):
 garbage-first heap   total 262144K, used 210918K [0x00000000e0000000, 0x0000000100000000)
  region size 1024K, 153 young (156672K), 20 survivors (20480K)
 Metaspace       used 60438K, committed 62528K, reserved 393216K
  class space    used 8362K, committed 9408K, reserved 327680K
}
Event: 21.258 GC heap after
{Heap after GC invocations=12 (full 0):
 garbage-first heap   total 262144K, used 84529K [0x00000000e0000000, 0x0000000100000000)
  region size 1024K, 11 young (11264K), 11 survivors (11264K)
 Metaspace       used 60438K, committed 62528K, reserved 393216K
  class space    used 8362K, committed 9408K, reserved 327680K
}
Event: 22.724 GC heap before
{Heap before GC invocations=12 (full 0):
 garbage-first heap   total 262144K, used 224817K [0x00000000e0000000, 0x0000000100000000)
  region size 1024K, 148 young (151552K), 11 survivors (11264K)
 Metaspace       used 60780K, committed 62848K, reserved 393216K
  class space    used 8364K, committed 9408K, reserved 327680K
}
Event: 22.736 GC heap after
{Heap after GC invocations=13 (full 0):
 garbage-first heap   total 262144K, used 92322K [0x00000000e0000000, 0x0000000100000000)
  region size 1024K, 18 young (18432K), 18 survivors (18432K)
 Metaspace       used 60780K, committed 62848K, reserved 393216K
  class space    used 8364K, committed 9408K, reserved 327680K
}
Event: 50.830 GC heap before
{Heap before GC invocations=13 (full 0):
 garbage-first heap   total 262144K, used 227490K [0x00000000e0000000, 0x0000000100000000)
  region size 1024K, 151 young (154624K), 18 survivors (18432K)
 Metaspace       used 61956K, committed 64064K, reserved 393216K
  class space    used 8539K, committed 9600K, reserved 327680K
}
Event: 50.854 GC heap after
{Heap after GC invocations=14 (full 0):
 garbage-first heap   total 262144K, used 101038K [0x00000000e0000000, 0x0000000100000000)
  region size 1024K, 17 young (17408K), 17 survivors (17408K)
 Metaspace       used 61956K, committed 64064K, reserved 393216K
  class space    used 8539K, committed 9600K, reserved 327680K
}
Event: 52.635 GC heap before
{Heap before GC invocations=14 (full 0):
 garbage-first heap   total 262144K, used 229038K [0x00000000e0000000, 0x0000000100000000)
  region size 1024K, 143 young (146432K), 17 survivors (17408K)
 Metaspace       used 62170K, committed 64256K, reserved 393216K
  class space    used 8550K, committed 9600K, reserved 327680K
}
Event: 52.668 GC heap after
{Heap after GC invocations=15 (full 0):
 garbage-first heap   total 262144K, used 115712K [0x00000000e0000000, 0x0000000100000000)
  region size 1024K, 18 young (18432K), 18 survivors (18432K)
 Metaspace       used 62170K, committed 64256K, reserved 393216K
  class space    used 8550K, committed 9600K, reserved 327680K
}
Event: 53.866 GC heap before
{Heap before GC invocations=15 (full 0):
 garbage-first heap   total 262144K, used 229376K [0x00000000e0000000, 0x0000000100000000)
  region size 1024K, 129 young (132096K), 18 survivors (18432K)
 Metaspace       used 62298K, committed 64384K, reserved 393216K
  class space    used 8552K, committed 9600K, reserved 327680K
}

