# JRE version: OpenJDK Runtime Environment Corretto-21.0.5.11.1 (21.0.5+11) (build 21.0.5+11-LTS)
# Java VM: OpenJDK 64-Bit Server VM Corretto-21.0.5.11.1 (21.0.5+11-LTS, mixed mode, sharing, tiered, compressed oops, compressed class ptrs, g1 gc, windows-amd64)
GC Precious Log:
 CardTable entry size: 512
 Card Set container configuration: InlinePtr #cards 5 size 8 Array Of Cards #cards 12 size 40 Howl #buckets 4 coarsen threshold 1843 Howl Bitmap #cards 512 size 80 coarsen threshold 460 Card regions per heap region 1 cards per card region 2048
 CPUs: 8 total, 8 available
 Memory: 8046M
 Large Page Support: Disabled
 NUMA Support: Disabled
 Compressed Oops: Enabled (32-bit)
 Heap Region Size: 1M
 Heap Min Capacity: 256M
 Heap Initial Capacity: 256M
 Heap Max Capacity: 512M
 Pre-touch: Disabled
 Parallel Workers: 8
 Concurrent Workers: 2
 Concurrent Refinement Workers: 8
 Periodic GC: Disabled
Heap:
 garbage-first heap   total 262144K, used 199926K [0x00000000e0000000, 0x0000000100000000)
  region size 1024K, 143 young (146432K), 4 survivors (4096K)
 Metaspace       used 59750K, committed 61760K, reserved 393216K
  class space    used 8343K, committed 9344K, reserved 327680K
GC Heap History (14 events):
Event: 1.347 GC heap before
{Heap before GC invocations=0 (full 0):
 garbage-first heap   total 262144K, used 26624K [0x00000000e0000000, 0x0000000100000000)
  region size 1024K, 23 young (23552K), 0 survivors (0K)
 Metaspace       used 3167K, committed 3328K, reserved 393216K
  class space    used 396K, committed 448K, reserved 327680K
}
Event: 1.353 GC heap after
{Heap after GC invocations=1 (full 0):
 garbage-first heap   total 262144K, used 10947K [0x00000000e0000000, 0x0000000100000000)
  region size 1024K, 3 young (3072K), 3 survivors (3072K)
 Metaspace       used 3167K, committed 3328K, reserved 393216K
  class space    used 396K, committed 448K, reserved 327680K
}
Event: 2.416 GC heap before
{Heap before GC invocations=1 (full 0):
 garbage-first heap   total 262144K, used 40643K [0x00000000e0000000, 0x0000000100000000)
  region size 1024K, 32 young (32768K), 3 survivors (3072K)
 Metaspace       used 4144K, committed 4352K, reserved 393216K
  class space    used 497K, committed 640K, reserved 327680K
}
Event: 2.420 GC heap after
{Heap after GC invocations=2 (full 0):
 garbage-first heap   total 262144K, used 11208K [0x00000000e0000000, 0x0000000100000000)
  region size 1024K, 1 young (1024K), 1 survivors (1024K)
 Metaspace       used 4144K, committed 4352K, reserved 393216K
  class space    used 497K, committed 640K, reserved 327680K
}
Event: 8.282 GC heap before
{Heap before GC invocations=2 (full 0):
 garbage-first heap   total 262144K, used 118728K [0x00000000e0000000, 0x0000000100000000)
  region size 1024K, 107 young (109568K), 1 survivors (1024K)
 Metaspace       used 20755K, committed 21504K, reserved 393216K
  class space    used 2965K, committed 3264K, reserved 327680K
}
Event: 8.294 GC heap after
{Heap after GC invocations=3 (full 0):
 garbage-first heap   total 262144K, used 23375K [0x00000000e0000000, 0x0000000100000000)
  region size 1024K, 13 young (13312K), 13 survivors (13312K)
 Metaspace       used 20755K, committed 21504K, reserved 393216K
  class space    used 2965K, committed 3264K, reserved 327680K
}
Event: 13.144 GC heap before
{Heap before GC invocations=4 (full 0):
 garbage-first heap   total 262144K, used 111439K [0x00000000e0000000, 0x0000000100000000)
  region size 1024K, 101 young (103424K), 13 survivors (13312K)
 Metaspace       used 34795K, committed 35968K, reserved 393216K
  class space    used 4959K, committed 5504K, reserved 327680K
}
Event: 13.157 GC heap after
{Heap after GC invocations=5 (full 0):
 garbage-first heap   total 262144K, used 30654K [0x00000000e0000000, 0x0000000100000000)
  region size 1024K, 8 young (8192K), 8 survivors (8192K)
 Metaspace       used 34795K, committed 35968K, reserved 393216K
  class space    used 4959K, committed 5504K, reserved 327680K
}
Event: 16.776 GC heap before
{Heap before GC invocations=6 (full 0):
 garbage-first heap   total 262144K, used 185278K [0x00000000e0000000, 0x0000000100000000)
  region size 1024K, 153 young (156672K), 8 survivors (8192K)
 Metaspace       used 49243K, committed 51008K, reserved 393216K
  class space    used 6977K, committed 7872K, reserved 327680K
}
Event: 16.797 GC heap after
{Heap after GC invocations=7 (full 0):
 garbage-first heap   total 262144K, used 40862K [0x00000000e0000000, 0x0000000100000000)
  region size 1024K, 18 young (18432K), 18 survivors (18432K)
 Metaspace       used 49243K, committed 51008K, reserved 393216K
  class space    used 6977K, committed 7872K, reserved 327680K
}
Event: 20.618 GC heap before
{Heap before GC invocations=7 (full 0):
 garbage-first heap   total 262144K, used 178078K [0x00000000e0000000, 0x0000000100000000)
  region size 1024K, 153 young (156672K), 18 survivors (18432K)
 Metaspace       used 57621K, committed 59584K, reserved 393216K
  class space    used 8227K, committed 9216K, reserved 327680K
}
Event: 20.644 GC heap after
{Heap after GC invocations=8 (full 0):
 garbage-first heap   total 262144K, used 56132K [0x00000000e0000000, 0x0000000100000000)
  region size 1024K, 17 young (17408K), 17 survivors (17408K)
 Metaspace       used 57621K, committed 59584K, reserved 393216K
  class space    used 8227K, committed 9216K, reserved 327680K
}
Event: 21.442 GC heap before
{Heap before GC invocations=8 (full 0):
 garbage-first heap   total 262144K, used 83780K [0x00000000e0000000, 0x0000000100000000)
  region size 1024K, 46 young (47104K), 17 survivors (17408K)
 Metaspace       used 58220K, committed 60160K, reserved 393216K
  class space    used 8255K, committed 9216K, reserved 327680K
}
Event: 21.458 GC heap after
{Heap after GC invocations=9 (full 0):
 garbage-first heap   total 262144K, used 58614K [0x00000000e0000000, 0x0000000100000000)
  region size 1024K, 4 young (4096K), 4 survivors (4096K)
 Metaspace       used 58220K, committed 60160K, reserved 393216K
  class space    used 8255K, committed 9216K, reserved 327680K
}

