# JRE version: OpenJDK Runtime Environment Corretto-21.0.5.11.1 (21.0.5+11) (build 21.0.5+11-LTS)
# Java VM: OpenJDK 64-Bit Server VM Corretto-21.0.5.11.1 (21.0.5+11-LTS, mixed mode, sharing, tiered, compressed oops, compressed class ptrs, g1 gc, windows-amd64)
GC Precious Log:
 CardTable entry size: 512
 Card Set container configuration: InlinePtr #cards 5 size 8 Array Of Cards #cards 12 size 40 Howl #buckets 4 coarsen threshold 1843 Howl Bitmap #cards 512 size 80 coarsen threshold 460 Card regions per heap region 1 cards per card region 2048
 CPUs: 8 total, 8 available
 Memory: 8046M
 Large Page Support: Disabled
 NUMA Support: Disabled
 Compressed Oops: Enabled (32-bit)
 Heap Region Size: 1M
 Heap Min Capacity: 256M
 Heap Initial Capacity: 256M
 Heap Max Capacity: 512M
 Pre-touch: Disabled
 Parallel Workers: 8
 Concurrent Workers: 2
 Concurrent Refinement Workers: 8
 Periodic GC: Disabled
Heap:
 garbage-first heap   total 262144K, used 171182K [0x00000000e0000000, 0x0000000100000000)
  region size 1024K, 146 young (149504K), 18 survivors (18432K)
 Metaspace       used 57890K, committed 59840K, reserved 393216K
  class space    used 8253K, committed 9216K, reserved 327680K
GC Heap History (14 events):
Event: 1.514 GC heap before
{Heap before GC invocations=0 (full 0):
 garbage-first heap   total 262144K, used 26624K [0x00000000e0000000, 0x0000000100000000)
  region size 1024K, 23 young (23552K), 0 survivors (0K)
 Metaspace       used 3217K, committed 3392K, reserved 393216K
  class space    used 404K, committed 448K, reserved 327680K
}
Event: 1.520 GC heap after
{Heap after GC invocations=1 (full 0):
 garbage-first heap   total 262144K, used 10435K [0x00000000e0000000, 0x0000000100000000)
  region size 1024K, 3 young (3072K), 3 survivors (3072K)
 Metaspace       used 3217K, committed 3392K, reserved 393216K
  class space    used 404K, committed 448K, reserved 327680K
}
Event: 2.429 GC heap before
{Heap before GC invocations=1 (full 0):
 garbage-first heap   total 262144K, used 40131K [0x00000000e0000000, 0x0000000100000000)
  region size 1024K, 32 young (32768K), 3 survivors (3072K)
 Metaspace       used 4127K, committed 4352K, reserved 393216K
  class space    used 496K, committed 640K, reserved 327680K
}
Event: 2.434 GC heap after
{Heap after GC invocations=2 (full 0):
 garbage-first heap   total 262144K, used 11557K [0x00000000e0000000, 0x0000000100000000)
  region size 1024K, 1 young (1024K), 1 survivors (1024K)
 Metaspace       used 4127K, committed 4352K, reserved 393216K
  class space    used 496K, committed 640K, reserved 327680K
}
Event: 7.322 GC heap before
{Heap before GC invocations=2 (full 0):
 garbage-first heap   total 262144K, used 119077K [0x00000000e0000000, 0x0000000100000000)
  region size 1024K, 107 young (109568K), 1 survivors (1024K)
 Metaspace       used 20763K, committed 21504K, reserved 393216K
  class space    used 2967K, committed 3328K, reserved 327680K
}
Event: 7.342 GC heap after
{Heap after GC invocations=3 (full 0):
 garbage-first heap   total 262144K, used 23034K [0x00000000e0000000, 0x0000000100000000)
  region size 1024K, 12 young (12288K), 12 survivors (12288K)
 Metaspace       used 20763K, committed 21504K, reserved 393216K
  class space    used 2967K, committed 3328K, reserved 327680K
}
Event: 9.921 GC heap before
{Heap before GC invocations=4 (full 0):
 garbage-first heap   total 262144K, used 111098K [0x00000000e0000000, 0x0000000100000000)
  region size 1024K, 100 young (102400K), 12 survivors (12288K)
 Metaspace       used 34756K, committed 35968K, reserved 393216K
  class space    used 4957K, committed 5568K, reserved 327680K
}
Event: 9.935 GC heap after
{Heap after GC invocations=5 (full 0):
 garbage-first heap   total 262144K, used 30932K [0x00000000e0000000, 0x0000000100000000)
  region size 1024K, 8 young (8192K), 8 survivors (8192K)
 Metaspace       used 34756K, committed 35968K, reserved 393216K
  class space    used 4957K, committed 5568K, reserved 327680K
}
Event: 10.104 GC heap before
{Heap before GC invocations=5 (full 0):
 garbage-first heap   total 262144K, used 51412K [0x00000000e0000000, 0x0000000100000000)
  region size 1024K, 29 young (29696K), 8 survivors (8192K)
 Metaspace       used 35041K, committed 36288K, reserved 393216K
  class space    used 4979K, committed 5632K, reserved 327680K
}
Event: 10.112 GC heap after
{Heap after GC invocations=6 (full 0):
 garbage-first heap   total 262144K, used 32492K [0x00000000e0000000, 0x0000000100000000)
  region size 1024K, 9 young (9216K), 9 survivors (9216K)
 Metaspace       used 35041K, committed 36288K, reserved 393216K
  class space    used 4979K, committed 5632K, reserved 327680K
}
Event: 10.233 GC heap before
{Heap before GC invocations=6 (full 0):
 garbage-first heap   total 262144K, used 36588K [0x00000000e0000000, 0x0000000100000000)
  region size 1024K, 14 young (14336K), 9 survivors (9216K)
 Metaspace       used 35361K, committed 36608K, reserved 393216K
  class space    used 5017K, committed 5632K, reserved 327680K
}
Event: 10.240 GC heap after
{Heap after GC invocations=7 (full 0):
 garbage-first heap   total 262144K, used 32003K [0x00000000e0000000, 0x0000000100000000)
  region size 1024K, 8 young (8192K), 8 survivors (8192K)
 Metaspace       used 35361K, committed 36608K, reserved 393216K
  class space    used 5017K, committed 5632K, reserved 327680K
}
Event: 13.725 GC heap before
{Heap before GC invocations=8 (full 0):
 garbage-first heap   total 262144K, used 186627K [0x00000000e0000000, 0x0000000100000000)
  region size 1024K, 153 young (156672K), 8 survivors (8192K)
 Metaspace       used 51273K, committed 53120K, reserved 393216K
  class space    used 7336K, committed 8256K, reserved 327680K
}
Event: 13.745 GC heap after
{Heap after GC invocations=9 (full 0):
 garbage-first heap   total 262144K, used 42158K [0x00000000e0000000, 0x0000000100000000)
  region size 1024K, 18 young (18432K), 18 survivors (18432K)
 Metaspace       used 51273K, committed 53120K, reserved 393216K
  class space    used 7336K, committed 8256K, reserved 327680K
}

