# JRE version: OpenJDK Runtime Environment Corretto-21.0.5.11.1 (21.0.5+11) (build 21.0.5+11-LTS)
# Java VM: OpenJDK 64-Bit Server VM Corretto-21.0.5.11.1 (21.0.5+11-LTS, mixed mode, sharing, tiered, compressed oops, compressed class ptrs, g1 gc, windows-amd64)
GC Precious Log:
 CardTable entry size: 512
 Card Set container configuration: InlinePtr #cards 5 size 8 Array Of Cards #cards 12 size 40 Howl #buckets 4 coarsen threshold 1843 Howl Bitmap #cards 512 size 80 coarsen threshold 460 Card regions per heap region 1 cards per card region 2048
 CPUs: 8 total, 8 available
 Memory: 8046M
 Large Page Support: Disabled
 NUMA Support: Disabled
 Compressed Oops: Enabled (32-bit)
 Heap Region Size: 1M
 Heap Min Capacity: 256M
 Heap Initial Capacity: 256M
 Heap Max Capacity: 512M
 Pre-touch: Disabled
 Parallel Workers: 8
 Concurrent Workers: 2
 Concurrent Refinement Workers: 8
 Periodic GC: Disabled
Heap:
 garbage-first heap   total 271360K, used 209382K [0x00000000e0000000, 0x0000000100000000)
  region size 1024K, 91 young (93184K), 14 survivors (14336K)
 Metaspace       used 62244K, committed 64448K, reserved 393216K
  class space    used 8295K, committed 9664K, reserved 327680K
GC Heap History (20 events):
Event: 554.147 GC heap before
{Heap before GC invocations=26 (full 0):
 garbage-first heap   total 267264K, used 237345K [0x00000000e0000000, 0x0000000100000000)
  region size 1024K, 111 young (113664K), 13 survivors (13312K)
 Metaspace       used 61240K, committed 64448K, reserved 393216K
  class space    used 8212K, committed 9664K, reserved 327680K
}
Event: 554.165 GC heap after
{Heap after GC invocations=27 (full 0):
 garbage-first heap   total 267264K, used 142028K [0x00000000e0000000, 0x0000000100000000)
  region size 1024K, 6 young (6144K), 6 survivors (6144K)
 Metaspace       used 61240K, committed 64448K, reserved 393216K
  class space    used 8212K, committed 9664K, reserved 327680K
}
Event: 555.697 GC heap before
{Heap before GC invocations=27 (full 0):
 garbage-first heap   total 267264K, used 241356K [0x00000000e0000000, 0x0000000100000000)
  region size 1024K, 103 young (105472K), 6 survivors (6144K)
 Metaspace       used 61242K, committed 64448K, reserved 393216K
  class space    used 8212K, committed 9664K, reserved 327680K
}
Event: 555.713 GC heap after
{Heap after GC invocations=28 (full 0):
 garbage-first heap   total 267264K, used 129671K [0x00000000e0000000, 0x0000000100000000)
  region size 1024K, 12 young (12288K), 12 survivors (12288K)
 Metaspace       used 61242K, committed 64448K, reserved 393216K
  class space    used 8212K, committed 9664K, reserved 327680K
}
Event: 557.368 GC heap before
{Heap before GC invocations=28 (full 0):
 garbage-first heap   total 267264K, used 239239K [0x00000000e0000000, 0x0000000100000000)
  region size 1024K, 120 young (122880K), 12 survivors (12288K)
 Metaspace       used 61322K, committed 64448K, reserved 393216K
  class space    used 8216K, committed 9664K, reserved 327680K
}
Event: 557.392 GC heap after
{Heap after GC invocations=29 (full 0):
 garbage-first heap   total 267264K, used 133082K [0x00000000e0000000, 0x0000000100000000)
  region size 1024K, 13 young (13312K), 13 survivors (13312K)
 Metaspace       used 61322K, committed 64448K, reserved 393216K
  class space    used 8216K, committed 9664K, reserved 327680K
}
Event: 566.189 GC heap before
{Heap before GC invocations=29 (full 0):
 garbage-first heap   total 267264K, used 238554K [0x00000000e0000000, 0x0000000100000000)
  region size 1024K, 117 young (119808K), 13 survivors (13312K)
 Metaspace       used 62053K, committed 64448K, reserved 393216K
  class space    used 8290K, committed 9664K, reserved 327680K
}
Event: 566.222 GC heap after
{Heap after GC invocations=30 (full 0):
 garbage-first heap   total 268288K, used 147971K [0x00000000e0000000, 0x0000000100000000)
  region size 1024K, 15 young (15360K), 15 survivors (15360K)
 Metaspace       used 62053K, committed 64448K, reserved 393216K
  class space    used 8290K, committed 9664K, reserved 327680K
}
Event: 567.596 GC heap before
{Heap before GC invocations=31 (full 0):
 garbage-first heap   total 268288K, used 236035K [0x00000000e0000000, 0x0000000100000000)
  region size 1024K, 103 young (105472K), 15 survivors (15360K)
 Metaspace       used 61957K, committed 64448K, reserved 393216K
  class space    used 8269K, committed 9664K, reserved 327680K
}
Event: 567.619 GC heap after
{Heap after GC invocations=32 (full 0):
 garbage-first heap   total 268288K, used 156879K [0x00000000e0000000, 0x0000000100000000)
  region size 1024K, 10 young (10240K), 10 survivors (10240K)
 Metaspace       used 61957K, committed 64448K, reserved 393216K
  class space    used 8269K, committed 9664K, reserved 327680K
}
Event: 568.693 GC heap before
{Heap before GC invocations=32 (full 0):
 garbage-first heap   total 268288K, used 242895K [0x00000000e0000000, 0x0000000100000000)
  region size 1024K, 94 young (96256K), 10 survivors (10240K)
 Metaspace       used 61962K, committed 64448K, reserved 393216K
  class space    used 8271K, committed 9664K, reserved 327680K
}
Event: 568.709 GC heap after
{Heap after GC invocations=33 (full 0):
 garbage-first heap   total 268288K, used 141555K [0x00000000e0000000, 0x0000000100000000)
  region size 1024K, 9 young (9216K), 9 survivors (9216K)
 Metaspace       used 61962K, committed 64448K, reserved 393216K
  class space    used 8271K, committed 9664K, reserved 327680K
}
Event: 569.465 GC heap before
{Heap before GC invocations=33 (full 0):
 garbage-first heap   total 268288K, used 240883K [0x00000000e0000000, 0x0000000100000000)
  region size 1024K, 106 young (108544K), 9 survivors (9216K)
 Metaspace       used 61975K, committed 64448K, reserved 393216K
  class space    used 8275K, committed 9664K, reserved 327680K
}
Event: 569.484 GC heap after
{Heap after GC invocations=34 (full 0):
 garbage-first heap   total 268288K, used 140309K [0x00000000e0000000, 0x0000000100000000)
  region size 1024K, 7 young (7168K), 7 survivors (7168K)
 Metaspace       used 61975K, committed 64448K, reserved 393216K
  class space    used 8275K, committed 9664K, reserved 327680K
}
Event: 570.148 GC heap before
{Heap before GC invocations=34 (full 0):
 garbage-first heap   total 268288K, used 242709K [0x00000000e0000000, 0x0000000100000000)
  region size 1024K, 107 young (109568K), 7 survivors (7168K)
 Metaspace       used 61975K, committed 64448K, reserved 393216K
  class space    used 8275K, committed 9664K, reserved 327680K
}
Event: 570.164 GC heap after
{Heap after GC invocations=35 (full 0):
 garbage-first heap   total 268288K, used 145932K [0x00000000e0000000, 0x0000000100000000)
  region size 1024K, 12 young (12288K), 12 survivors (12288K)
 Metaspace       used 61975K, committed 64448K, reserved 393216K
  class space    used 8275K, committed 9664K, reserved 327680K
}
Event: 706.222 GC heap before
{Heap before GC invocations=36 (full 0):
 garbage-first heap   total 268288K, used 227852K [0x00000000e0000000, 0x0000000100000000)
  region size 1024K, 105 young (107520K), 12 survivors (12288K)
 Metaspace       used 62228K, committed 64448K, reserved 393216K
  class space    used 8291K, committed 9664K, reserved 327680K
}
Event: 706.610 GC heap after
{Heap after GC invocations=37 (full 0):
 garbage-first heap   total 268288K, used 141647K [0x00000000e0000000, 0x0000000100000000)
  region size 1024K, 14 young (14336K), 14 survivors (14336K)
 Metaspace       used 62228K, committed 64448K, reserved 393216K
  class space    used 8291K, committed 9664K, reserved 327680K
}
Event: 709.111 GC heap before
{Heap before GC invocations=37 (full 0):
 garbage-first heap   total 268288K, used 238927K [0x00000000e0000000, 0x0000000100000000)
  region size 1024K, 109 young (111616K), 14 survivors (14336K)
 Metaspace       used 62238K, committed 64448K, reserved 393216K
  class space    used 8293K, committed 9664K, reserved 327680K
}
Event: 709.203 GC heap after
{Heap after GC invocations=38 (full 0):
 garbage-first heap   total 271360K, used 131558K [0x00000000e0000000, 0x0000000100000000)
  region size 1024K, 14 young (14336K), 14 survivors (14336K)
 Metaspace       used 62238K, committed 64448K, reserved 393216K
  class space    used 8293K, committed 9664K, reserved 327680K
}

